DL fail for acl.x86_64
DL fail for acpica-tools.x86_64
DL fail for acpid.x86_64
DL fail for alternatives.x86_64
DL fail for atlas.i686
DL fail for atlas.x86_64
DL fail for authselect-libs.i686
DL fail for authselect-libs.x86_64
DL fail for authselect.x86_64
DL fail for avahi.i686
DL fail for avahi-libs.i686
DL fail for biosdevname.x86_64
DL fail for bolt.x86_64
DL fail for bubblewrap.x86_64
DL fail for bzip2-libs.i686
DL fail for bzip2-libs.x86_64
DL fail for bzip2.x86_64
DL fail for cachefilesd.x86_64
DL fail for chkconfig.x86_64
DL fail for chrpath.x86_64
DL fail for cifs-utils.x86_64
DL fail for coreutils-single.x86_64
DL fail for cracklib-dicts.x86_64
DL fail for cracklib.i686
DL fail for cracklib.x86_64
DL fail for cyrus-sasl-gssapi.i686
DL fail for cyrus-sasl-lib.i686
DL fail for cyrus-sasl-plain.i686
DL fail for cyrus-sasl-plain.x86_64
DL fail for cyrus-sasl-scram.i686
DL fail for cyrus-sasl-scram.x86_64
DL fail for cyrus-sasl.x86_64
DL fail for dbus-broker.x86_64
DL fail for dbus-libs.i686
DL fail for dbus-tools.x86_64
DL fail for dbus.x86_64
DL fail for dhcp-client.x86_64
DL fail for dhcp-relay.x86_64
DL fail for dhcp-server.x86_64
DL fail for dracut-config-generic.x86_64
DL fail for dracut-tools.x86_64
DL fail for e2fsprogs-libs.i686
DL fail for efivar-libs.i686
DL fail for exfatprogs.x86_64
DL fail for expat.i686
DL fail for expat.x86_64
DL fail for file-libs.i686
DL fail for freetype.i686
DL fail for gawk.x86_64
DL fail for gdbm-libs.i686
DL fail for gettext-libs.i686
DL fail for gettext-libs.x86_64
DL fail for gettext.x86_64
DL fail for gmp.i686
DL fail for gpgme.i686
DL fail for graphite2.i686
DL fail for grep.x86_64
DL fail for grubby.x86_64
DL fail for gsettings-desktop-schemas.x86_64
DL fail for harfbuzz.i686
DL fail for hdparm.x86_64
DL fail for hplip-common.x86_64
DL fail for hwloc-libs.i686
DL fail for hwloc-libs.x86_64
DL fail for hwloc.x86_64
DL fail for info.x86_64
DL fail for inih.i686
DL fail for inih.x86_64
DL fail for intel-cmt-cat.i686
DL fail for intel-cmt-cat.x86_64
DL fail for ipcalc.x86_64
DL fail for iprutils.x86_64
DL fail for iptraf-ng.x86_64
DL fail for iputils.x86_64
DL fail for iw.x86_64
DL fail for json-glib.i686
DL fail for keyutils-libs.i686
DL fail for keyutils-libs.x86_64
DL fail for keyutils.x86_64
DL fail for ledmon.x86_64
DL fail for libacl.i686
DL fail for libaio.i686
DL fail for libassuan.i686
DL fail for libattr.i686
DL fail for libbasicobjects.i686
DL fail for libblkid.i686
DL fail for libblkid.x86_64
DL fail for libbrotli.i686
DL fail for libbrotli.x86_64
DL fail for libcap.i686
DL fail for libcap-ng.i686
DL fail for libcap-ng-utils.x86_64
DL fail for libcap-ng.x86_64
DL fail for libcap.x86_64
DL fail for libcbor.i686
DL fail for libcbor.x86_64
DL fail for libcollection.i686
DL fail for libcom_err.i686
DL fail for libconfig.i686
DL fail for libdaemon.i686
DL fail for libdhash.i686
DL fail for libeconf.i686
DL fail for libedit-devel.x86_64
DL fail for libedit.i686
DL fail for libevent.i686
DL fail for libev.i686
DL fail for libev.x86_64
DL fail for libfdisk.i686
DL fail for libffi.i686
DL fail for libffi.x86_64
DL fail for libfido2.i686
DL fail for libgcab1.i686
DL fail for libgudev.i686
DL fail for libicu.i686
DL fail for libidn2.i686
DL fail for libini_config.i686
DL fail for libini_config.x86_64
DL fail for libjcat.i686
DL fail for libkcapi.i686
DL fail for libksba.i686
DL fail for libmnl.i686
DL fail for libmnl.x86_64
DL fail for libmodulemd.i686
DL fail for libmount.i686
DL fail for libndp.i686
DL fail for libnetfilter_conntrack.i686
DL fail for libnfnetlink.i686
DL fail for libnftnl.i686
DL fail for libnftnl.x86_64
DL fail for libnghttp2.i686
DL fail for libnghttp2.x86_64
DL fail for libnl3-cli.i686
DL fail for libnl3.i686
DL fail for libpath_utils.i686
DL fail for libpcap.i686
DL fail for libpciaccess.i686
DL fail for libpciaccess.x86_64
DL fail for libpeas.i686
DL fail for libpipeline.i686
DL fail for libpkgconf.i686
DL fail for libpkgconf.x86_64
DL fail for libpng.i686
DL fail for libpng.x86_64
DL fail for libpsl.i686
DL fail for libpwquality.i686
DL fail for libpwquality.x86_64
DL fail for libref_array.i686
DL fail for librhsm.i686
DL fail for librhsm.x86_64
DL fail for libsigsegv.i686
DL fail for libsigsegv.x86_64
DL fail for libsmartcols.i686
DL fail for libsmbios.i686
DL fail for libss.i686
DL fail for libss.x86_64
DL fail for libsysfs.i686
DL fail for libsysfs.x86_64
DL fail for libtasn1.i686
DL fail for libtasn1.x86_64
DL fail for libtevent.i686
DL fail for libtevent.x86_64
DL fail for libtirpc.i686
DL fail for libtraceevent.i686
DL fail for libtracefs.i686
DL fail for libunistring.i686
DL fail for libusbx.i686
DL fail for libuser.i686
DL fail for libutempter.i686
DL fail for libuuid.i686
DL fail for libverto.i686
DL fail for libverto-libev.i686
DL fail for libverto-libev.x86_64
DL fail for libverto.x86_64
DL fail for libxcrypt.i686
DL fail for libxml2.i686
DL fail for libyaml.i686
DL fail for libyaml.x86_64
DL fail for libzstd.i686
DL fail for lldpad.i686
DL fail for lldpad.x86_64
DL fail for lmdb-libs.i686
DL fail for lockdev.i686
DL fail for lrzsz.x86_64
DL fail for lua-libs.i686
DL fail for lz4-libs.i686
DL fail for lz4.x86_64
DL fail for lzo.i686
DL fail for lzop.x86_64
DL fail for lzo.x86_64
DL fail for m17n-lib.x86_64
DL fail for microdnf.x86_64
DL fail for minicom.x86_64
DL fail for mksh.x86_64
DL fail for mlocate.x86_64
DL fail for mokutil.x86_64
DL fail for mpfr.i686
DL fail for mpfr.x86_64
DL fail for mtools.x86_64
DL fail for nano.x86_64
DL fail for ncurses-libs.i686
DL fail for netlabel_tools.x86_64
DL fail for nettle-devel.x86_64
DL fail for nettle.i686
DL fail for net-tools.x86_64
DL fail for newt.i686
DL fail for newt.x86_64
DL fail for nfs4-acl-tools.x86_64
DL fail for npth.i686
DL fail for opensm-libs.i686
DL fail for opensm-libs.x86_64
DL fail for opensm.x86_64
DL fail for opensp.x86_64
DL fail for openssl-pkcs11.i686
DL fail for os-prober.x86_64
DL fail for p11-kit.i686
DL fail for p11-kit-trust.i686
DL fail for p11-kit-trust.x86_64
DL fail for p11-kit.x86_64
DL fail for parted.i686
DL fail for pciutils-libs.i686
DL fail for pciutils-libs.x86_64
DL fail for pciutils.x86_64
DL fail for pcre2.i686
DL fail for pcre2.x86_64
DL fail for pcre.i686
DL fail for pkgconf-pkg-config.x86_64
DL fail for polkit-libs.i686
DL fail for polkit-libs.x86_64
DL fail for polkit.x86_64
DL fail for popt.i686
DL fail for popt.x86_64
DL fail for postfix.x86_64
DL fail for ppp.x86_64
DL fail for prefixdevname.x86_64
DL fail for procps-ng.i686
DL fail for psmisc.x86_64
DL fail for python3-dbus.x86_64
DL fail for python3-dmidecode.x86_64
DL fail for python3-gobject-base.x86_64
DL fail for python3-gpg.x86_64
DL fail for python3-kmod.x86_64
DL fail for python3-pyyaml.x86_64
DL fail for python3-urwid.x86_64
DL fail for quota.x86_64
DL fail for readline.i686
DL fail for readline.x86_64
DL fail for realmd.x86_64
DL fail for restore.x86_64
DL fail for rmt.x86_64
DL fail for rpcbind.x86_64
DL fail for rsync.x86_64
DL fail for setserial.x86_64
DL fail for slang.i686
DL fail for slang.x86_64
DL fail for snappy.i686
DL fail for sqlite-libs.i686
DL fail for sqlite-libs.x86_64
DL fail for squashfs-tools.x86_64
DL fail for stunnel.x86_64
DL fail for sudo.x86_64
DL fail for symlinks.x86_64
DL fail for syslinux-extlinux.x86_64
DL fail for syslinux.x86_64
DL fail for tcl.x86_64
DL fail for time.x86_64
DL fail for traceroute.x86_64
DL fail for tss2.i686
DL fail for tss2.x86_64
DL fail for units.x86_64
DL fail for unzip.x86_64
DL fail for usb_modeswitch.x86_64
DL fail for usbutils.x86_64
DL fail for userspace-rcu.i686
DL fail for vdo-support.x86_64
DL fail for virt-what.x86_64
DL fail for x3270-text.x86_64
DL fail for x3270.x86_64
DL fail for xz-libs.i686
DL fail for xz-libs.x86_64
DL fail for zip.x86_64
DL fail for zlib-devel.x86_64
DL fail for zlib.i686
DL fail for zlib.x86_64
DL fail for zsh.x86_64
DL fail for zstd.x86_64
